2020-08-12 14:37:53 INFO  Log:26 - Sales manager info: 
 First name: , 
Last name: , 
Middle name: , 
Employee id:  
Nationality: American 
Date of birth: 
2020-08-12 14:39:53 INFO  Log:26 - Sales manager info: 
 First name: , 
Last name: , 
Middle name: , 
Employee id:  
Nationality: American 
Date of birth: 
2020-08-12 14:40:58 INFO  Log:26 - Sales manager info: 
First name: Robert, 
Last name: , 
Middle name: , 
Employee id:  
Nationality: American 
Date of birth: 
2020-08-12 14:41:58 INFO  Log:26 - 
Sales manager info: 
First name: Robert, 
Last name: Craig, 
Middle name: , 
Employee id: 0006 
Nationality: 4 
Date of birth: 1982-10-08
2020-08-13 09:11:49 INFO  Log:26 - 
Sales manager info: 
First name: Robert, 
Last name: Craig, 
Middle name: , 
Employee id: 0006 
Employee gender: null 
Nationality: 4 
Date of birth: 1982-10-08
2020-08-13 09:17:24 INFO  Log:26 - 
Sales manager info: 
First name: Robert, 
Last name: Craig, 
Middle name: , 
Employee id: 0006 
Employee gender: null 
Nationality: 4 
Date of birth: 1982-10-08
2020-08-13 09:18:06 INFO  Log:26 - 
Sales manager info: 
First name: Robert, 
Last name: Craig, 
Middle name: , 
Employee id: 0006 
Employee gender: Male 
Nationality: 4 
Date of birth: 1982-10-08
2020-08-13 09:19:02 INFO  Log:26 - 
Sales manager info: 
First name: Robert, 
Last name: Craig, 
Middle name: , 
Employee id: 0006 
Employee gender: Male 
Nationality: American 
Date of birth: 1982-10-08
2020-08-13 12:50:14 INFO  Log:26 - 
Sales manager info: 
First name: Robert, 
Last name: Craig, 
Middle name: , 
Employee id: 0006 
Employee gender: Male 
Nationality: American 
Date of birth: 1982-10-08
2020-08-13 13:01:35 INFO  Log:26 - 
Sales manager info: 
First name: Robert, 
Last name: Craig, 
Middle name: , 
Employee id: 0006 
Employee gender: Male 
Nationality: American 
Date of birth: 1982-10-08
2020-08-13 13:02:59 INFO  Log:26 - 
Sales manager info: 
First name: Robert, 
Last name: Craig, 
Middle name: , 
Employee id: 0006 
Employee gender: Male 
Nationality: American 
Date of birth: 1982-10-08
2020-08-13 13:05:29 INFO  Log:26 - 
Sales manager info: 
First name: Robert, 
Last name: Craig, 
Middle name: , 
Employee id: 0006 
Employee gender: Male 
Nationality: American 
Date of birth: 1982-10-08
2020-08-13 13:13:56 INFO  Log:26 - 
Sales manager info: 
First name: Robert, 
Last name: Craig, 
Middle name: , 
Employee id: 0006 
Employee gender: Male 
Nationality: American 
Date of birth: 1982-10-08
2020-08-13 13:30:15 INFO  Log:26 - 
Sales manager info: 
First name: Robert, 
Last name: Craig, 
Middle name: , 
Employee id: 0006 
Employee gender: Male 
Nationality: American 
Date of birth: 1982-10-08
